----------------------------------------------------------------
        Layer (type)               Output Shape         Param #
================================================================
            Conv2d-1           [1, 8, 320, 320]              16
    InstanceNorm2d-2           [1, 8, 320, 320]               0
              ReLU-3           [1, 8, 320, 320]               0
         Dropout2d-4           [1, 8, 320, 320]               0
            Conv2d-5           [1, 8, 320, 320]              72
    InstanceNorm2d-6           [1, 8, 320, 320]               0
              ReLU-7           [1, 8, 320, 320]               0
         Dropout2d-8           [1, 8, 320, 320]               0
         ConvBlock-9           [1, 8, 320, 320]               0
           Conv2d-10          [1, 16, 160, 160]             144
   InstanceNorm2d-11          [1, 16, 160, 160]               0
             ReLU-12          [1, 16, 160, 160]               0
        Dropout2d-13          [1, 16, 160, 160]               0
           Conv2d-14          [1, 16, 160, 160]             272
   InstanceNorm2d-15          [1, 16, 160, 160]               0
             ReLU-16          [1, 16, 160, 160]               0
        Dropout2d-17          [1, 16, 160, 160]               0
        ConvBlock-18          [1, 16, 160, 160]               0
           Conv2d-19            [1, 32, 80, 80]             544
   InstanceNorm2d-20            [1, 32, 80, 80]               0
             ReLU-21            [1, 32, 80, 80]               0
        Dropout2d-22            [1, 32, 80, 80]               0
           Conv2d-23            [1, 32, 80, 80]           1,056
   InstanceNorm2d-24            [1, 32, 80, 80]               0
             ReLU-25            [1, 32, 80, 80]               0
        Dropout2d-26            [1, 32, 80, 80]               0
        ConvBlock-27            [1, 32, 80, 80]               0
           Conv2d-28            [1, 64, 40, 40]           2,112
   InstanceNorm2d-29            [1, 64, 40, 40]               0
             ReLU-30            [1, 64, 40, 40]               0
        Dropout2d-31            [1, 64, 40, 40]               0
           Conv2d-32            [1, 64, 40, 40]           4,160
   InstanceNorm2d-33            [1, 64, 40, 40]               0
             ReLU-34            [1, 64, 40, 40]               0
        Dropout2d-35            [1, 64, 40, 40]               0
        ConvBlock-36            [1, 64, 40, 40]               0
           Conv2d-37            [1, 64, 20, 20]           4,160
   InstanceNorm2d-38            [1, 64, 20, 20]               0
             ReLU-39            [1, 64, 20, 20]               0
        Dropout2d-40            [1, 64, 20, 20]               0
           Conv2d-41            [1, 64, 20, 20]           4,160
   InstanceNorm2d-42            [1, 64, 20, 20]               0
             ReLU-43            [1, 64, 20, 20]               0
        Dropout2d-44            [1, 64, 20, 20]               0
        ConvBlock-45            [1, 64, 20, 20]               0
           Conv2d-46            [1, 32, 40, 40]           4,128
   InstanceNorm2d-47            [1, 32, 40, 40]               0
             ReLU-48            [1, 32, 40, 40]               0
        Dropout2d-49            [1, 32, 40, 40]               0
           Conv2d-50            [1, 32, 40, 40]           1,056
   InstanceNorm2d-51            [1, 32, 40, 40]               0
             ReLU-52            [1, 32, 40, 40]               0
        Dropout2d-53            [1, 32, 40, 40]               0
        ConvBlock-54            [1, 32, 40, 40]               0
           Conv2d-55            [1, 16, 80, 80]           1,040
   InstanceNorm2d-56            [1, 16, 80, 80]               0
             ReLU-57            [1, 16, 80, 80]               0
        Dropout2d-58            [1, 16, 80, 80]               0
           Conv2d-59            [1, 16, 80, 80]             272
   InstanceNorm2d-60            [1, 16, 80, 80]               0
             ReLU-61            [1, 16, 80, 80]               0
        Dropout2d-62            [1, 16, 80, 80]               0
        ConvBlock-63            [1, 16, 80, 80]               0
           Conv2d-64           [1, 8, 160, 160]             264
   InstanceNorm2d-65           [1, 8, 160, 160]               0
             ReLU-66           [1, 8, 160, 160]               0
        Dropout2d-67           [1, 8, 160, 160]               0
           Conv2d-68           [1, 8, 160, 160]              72
   InstanceNorm2d-69           [1, 8, 160, 160]               0
             ReLU-70           [1, 8, 160, 160]               0
        Dropout2d-71           [1, 8, 160, 160]               0
        ConvBlock-72           [1, 8, 160, 160]               0
           Conv2d-73           [1, 8, 320, 320]             136
   InstanceNorm2d-74           [1, 8, 320, 320]               0
             ReLU-75           [1, 8, 320, 320]               0
        Dropout2d-76           [1, 8, 320, 320]               0
           Conv2d-77           [1, 8, 320, 320]              72
   InstanceNorm2d-78           [1, 8, 320, 320]               0
             ReLU-79           [1, 8, 320, 320]               0
        Dropout2d-80           [1, 8, 320, 320]               0
        ConvBlock-81           [1, 8, 320, 320]               0
           Conv2d-82           [1, 4, 320, 320]              36
           Conv2d-83           [1, 1, 320, 320]               5
           Conv2d-84           [1, 1, 320, 320]               2
================================================================
Total params: 23,779
Trainable params: 23,779
Non-trainable params: 0
----------------------------------------------------------------
Input size (MB): 0.39
Forward/backward pass size (MB): 192.77
Params size (MB): 0.09
Estimated Total Size (MB): 193.25
----------------------------------------------------------------
Training on 1714
Validating on 420
Epoch: 1/50
 Train Loss: 0.12650864126846018 | Validation Loss: 0.13511071580178174
Train Time: 42.68172171598417 | Validation Time: 10.798040010005934
Epoch: 2/50
 Train Loss: 0.121021166617127 | Validation Loss: 0.12374277398556152
Train Time: 42.96512639700086 | Validation Time: 10.850533697986975
Epoch: 3/50
 Train Loss: 0.11958881666335426 | Validation Loss: 0.1187082189986692
Train Time: 43.288042768021114 | Validation Time: 10.967605012003332
Epoch: 4/50
 Train Loss: 0.12600259202917677 | Validation Loss: 0.12001432343269879
Train Time: 42.94726812199224 | Validation Time: 10.840714165999088
Epoch: 5/50
 Train Loss: 0.11871292556984253 | Validation Loss: 0.1177213637593371
Train Time: 42.963406175986165 | Validation Time: 10.834421462001046
Epoch: 6/50
 Train Loss: 0.11602132495645028 | Validation Loss: 0.1297416055417772
Train Time: 43.038535100000445 | Validation Time: 10.870978653983911
Epoch: 7/50
 Train Loss: 0.11375500338662466 | Validation Loss: 0.11545737306850694
Train Time: 43.03233224601718 | Validation Time: 10.823916378983995
Epoch: 8/50
 Train Loss: 0.11560859538557915 | Validation Loss: 0.12373633451124964
Train Time: 43.055460820003645 | Validation Time: 10.812608854001155
Epoch: 9/50
 Train Loss: 0.12032729262217086 | Validation Loss: 0.11136586175600358
Train Time: 43.06906464698841 | Validation Time: 10.855918639979791
Epoch: 10/50
 Train Loss: 0.1114353607531836 | Validation Loss: 0.11793977997986667
Train Time: 43.02690440099104 | Validation Time: 10.816281642997637
Epoch: 11/50
 Train Loss: 0.11782539080679266 | Validation Loss: 0.11419629712566368
Train Time: 43.08092448400566 | Validation Time: 10.802095487975748
Epoch: 12/50
 Train Loss: 0.11839951392744802 | Validation Loss: 0.11882033305534663
Train Time: 42.924500880995765 | Validation Time: 10.90663903800305
Epoch: 13/50
 Train Loss: 0.11474529419449223 | Validation Loss: 0.11962263320586068
Train Time: 43.04725050300476 | Validation Time: 10.838887969002826
Epoch: 14/50
 Train Loss: 0.11804996680617 | Validation Loss: 0.11450993264436113
Train Time: 43.04773149397806 | Validation Time: 10.850057890987955
Epoch: 15/50
 Train Loss: 0.12295080689759026 | Validation Loss: 0.11829370579788616
Train Time: 43.04725465501542 | Validation Time: 10.792199058982078
Epoch: 16/50
 Train Loss: 0.1134052583536795 | Validation Loss: 0.11825700890174001
Train Time: 43.02004846298951 | Validation Time: 10.844815871008905
Epoch: 17/50
 Train Loss: 0.11443298115641974 | Validation Loss: 0.11126936012800526
Train Time: 43.070300858002156 | Validation Time: 10.867960406001657
Epoch: 18/50
 Train Loss: 0.11449394640169595 | Validation Loss: 0.12145066221957874
Train Time: 43.016372028010665 | Validation Time: 10.90610491100233
Epoch: 19/50
 Train Loss: 0.11337645255053817 | Validation Loss: 0.114290016869239
Train Time: 43.34129294901504 | Validation Time: 11.04897080399678
Epoch: 20/50
 Train Loss: 0.11763893969378483 | Validation Loss: 0.11390870082580216
Train Time: 43.06857406900963 | Validation Time: 10.867126145021757
Epoch: 21/50
 Train Loss: 0.11137416338517765 | Validation Loss: 0.12350123939093752
Train Time: 42.982280383992475 | Validation Time: 10.892264496011194
Epoch: 22/50
 Train Loss: 0.11461703826509116 | Validation Loss: 0.11521178259146407
Train Time: 43.27330852698651 | Validation Time: 10.862501295981929
Epoch: 23/50
 Train Loss: 0.12059127643209624 | Validation Loss: 0.11882337351318771
Train Time: 43.064156095992075 | Validation Time: 10.862424724007724
Epoch: 24/50
 Train Loss: 0.1147637699288666 | Validation Loss: 0.11884400794484508
Train Time: 43.045349112013355 | Validation Time: 10.898079168022377
Epoch: 25/50
 Train Loss: 0.11255999860594053 | Validation Loss: 0.11802893583639058
Train Time: 43.01663492200896 | Validation Time: 10.870789100998081
Epoch: 26/50
 Train Loss: 0.06152051940343364 | Validation Loss: 0.05808418606002401
Train Time: 43.28307619597763 | Validation Time: 10.88581824299763
Epoch: 27/50
 Train Loss: 0.0621071592404641 | Validation Loss: 0.06251273507978891
Train Time: 43.06665144098224 | Validation Time: 10.867582936014514
Epoch: 28/50
 Train Loss: 0.061105526251568835 | Validation Loss: 0.05925599985447719
Train Time: 43.354734332009684 | Validation Time: 10.879842652997468
Epoch: 29/50
 Train Loss: 0.06224813188231655 | Validation Loss: 0.05878468147102869
Train Time: 43.37274847298977 | Validation Time: 11.180325798981357
Epoch: 30/50
 Train Loss: 0.062133435487261274 | Validation Loss: 0.059200697305862006
Train Time: 75.60729510098463 | Validation Time: 19.97667435699259
Epoch: 31/50
 Train Loss: 0.05897025903542468 | Validation Loss: 0.057523928723295405
Train Time: 80.00863721800852 | Validation Time: 20.027434791001724
Epoch: 32/50
 Train Loss: 0.061333137818036565 | Validation Loss: 0.059702147307397514
Train Time: 71.58836421300657 | Validation Time: 10.963331603998085
Epoch: 33/50
 Train Loss: 0.06154397104345053 | Validation Loss: 0.05867132519111573
Train Time: 43.39261624601204 | Validation Time: 10.911071189999348
Epoch: 34/50
 Train Loss: 0.060124980838893505 | Validation Loss: 0.06249353349656327
Train Time: 43.43499430897646 | Validation Time: 10.948051114974078
Epoch: 35/50
 Train Loss: 0.06021159871164123 | Validation Loss: 0.055228760527130535
Train Time: 43.28804730900447 | Validation Time: 10.945729321014369
Epoch: 36/50
 Train Loss: 0.0596612089762164 | Validation Loss: 0.05373826118260373
Train Time: 43.07631638698513 | Validation Time: 10.866621124994708
Epoch: 37/50
 Train Loss: 0.06198453897603221 | Validation Loss: 0.05821822498597436
Train Time: 43.241793692985084 | Validation Time: 10.895137326006079
Epoch: 38/50
 Train Loss: 0.05761928876574384 | Validation Loss: 0.0552261972494388
Train Time: 43.22736240999075 | Validation Time: 10.870981940010097
Epoch: 39/50
 Train Loss: 0.05927501658418013 | Validation Loss: 0.0567302543734914
Train Time: 43.2769432849891 | Validation Time: 10.877841280977009
Epoch: 40/50
 Train Loss: 0.05835141592767145 | Validation Loss: 0.059481503605906504
Train Time: 43.121153711981606 | Validation Time: 10.86409242398804
Epoch: 41/50
 Train Loss: 0.06156264933864236 | Validation Loss: 0.05717259962540982
Train Time: 43.16319128300529 | Validation Time: 10.886540314008016
Epoch: 42/50
 Train Loss: 0.0597683556702376 | Validation Loss: 0.0568511933218247
Train Time: 43.13382298598299 | Validation Time: 10.862924485991243
Epoch: 43/50
 Train Loss: 0.056407882238998945 | Validation Loss: 0.05609385362684796
Train Time: 43.07280953499139 | Validation Time: 10.858303259999957
Epoch: 44/50
 Train Loss: 0.058773834923584595 | Validation Loss: 0.058966410544627056
Train Time: 43.10074259902467 | Validation Time: 10.855471401999239
Epoch: 45/50
 Train Loss: 0.055971479527119075 | Validation Loss: 0.05758933865337069
Train Time: 43.223754870006815 | Validation Time: 10.870448792004026
Epoch: 46/50
 Train Loss: 0.059663571012461086 | Validation Loss: 0.055059503960302715
Train Time: 43.13746763198287 | Validation Time: 10.847276651998982
Epoch: 47/50
 Train Loss: 0.0588900931563967 | Validation Loss: 0.05653280227615457
Train Time: 43.29116904901457 | Validation Time: 10.906656676001148
Epoch: 48/50
 Train Loss: 0.05871989365146614 | Validation Loss: 0.055677437007643556
Train Time: 43.159162780008046 | Validation Time: 10.904592753999168
Epoch: 49/50
