----------------------------------------------------------------
        Layer (type)               Output Shape         Param #
================================================================
            Conv2d-1           [1, 8, 320, 320]              16
    InstanceNorm2d-2           [1, 8, 320, 320]               0
              ReLU-3           [1, 8, 320, 320]               0
         Dropout2d-4           [1, 8, 320, 320]               0
            Conv2d-5           [1, 8, 320, 320]              72
    InstanceNorm2d-6           [1, 8, 320, 320]               0
              ReLU-7           [1, 8, 320, 320]               0
         Dropout2d-8           [1, 8, 320, 320]               0
         ConvBlock-9           [1, 8, 320, 320]               0
           Conv2d-10          [1, 16, 160, 160]             144
   InstanceNorm2d-11          [1, 16, 160, 160]               0
             ReLU-12          [1, 16, 160, 160]               0
        Dropout2d-13          [1, 16, 160, 160]               0
           Conv2d-14          [1, 16, 160, 160]             272
   InstanceNorm2d-15          [1, 16, 160, 160]               0
             ReLU-16          [1, 16, 160, 160]               0
        Dropout2d-17          [1, 16, 160, 160]               0
        ConvBlock-18          [1, 16, 160, 160]               0
           Conv2d-19            [1, 32, 80, 80]             544
   InstanceNorm2d-20            [1, 32, 80, 80]               0
             ReLU-21            [1, 32, 80, 80]               0
        Dropout2d-22            [1, 32, 80, 80]               0
           Conv2d-23            [1, 32, 80, 80]           1,056
   InstanceNorm2d-24            [1, 32, 80, 80]               0
             ReLU-25            [1, 32, 80, 80]               0
        Dropout2d-26            [1, 32, 80, 80]               0
        ConvBlock-27            [1, 32, 80, 80]               0
           Conv2d-28            [1, 64, 40, 40]           2,112
   InstanceNorm2d-29            [1, 64, 40, 40]               0
             ReLU-30            [1, 64, 40, 40]               0
        Dropout2d-31            [1, 64, 40, 40]               0
           Conv2d-32            [1, 64, 40, 40]           4,160
   InstanceNorm2d-33            [1, 64, 40, 40]               0
             ReLU-34            [1, 64, 40, 40]               0
        Dropout2d-35            [1, 64, 40, 40]               0
        ConvBlock-36            [1, 64, 40, 40]               0
           Conv2d-37            [1, 64, 20, 20]           4,160
   InstanceNorm2d-38            [1, 64, 20, 20]               0
             ReLU-39            [1, 64, 20, 20]               0
        Dropout2d-40            [1, 64, 20, 20]               0
           Conv2d-41            [1, 64, 20, 20]           4,160
   InstanceNorm2d-42            [1, 64, 20, 20]               0
             ReLU-43            [1, 64, 20, 20]               0
        Dropout2d-44            [1, 64, 20, 20]               0
        ConvBlock-45            [1, 64, 20, 20]               0
           Conv2d-46            [1, 32, 40, 40]           4,128
   InstanceNorm2d-47            [1, 32, 40, 40]               0
             ReLU-48            [1, 32, 40, 40]               0
        Dropout2d-49            [1, 32, 40, 40]               0
           Conv2d-50            [1, 32, 40, 40]           1,056
   InstanceNorm2d-51            [1, 32, 40, 40]               0
             ReLU-52            [1, 32, 40, 40]               0
        Dropout2d-53            [1, 32, 40, 40]               0
        ConvBlock-54            [1, 32, 40, 40]               0
           Conv2d-55            [1, 16, 80, 80]           1,040
   InstanceNorm2d-56            [1, 16, 80, 80]               0
             ReLU-57            [1, 16, 80, 80]               0
        Dropout2d-58            [1, 16, 80, 80]               0
           Conv2d-59            [1, 16, 80, 80]             272
   InstanceNorm2d-60            [1, 16, 80, 80]               0
             ReLU-61            [1, 16, 80, 80]               0
        Dropout2d-62            [1, 16, 80, 80]               0
        ConvBlock-63            [1, 16, 80, 80]               0
           Conv2d-64           [1, 8, 160, 160]             264
   InstanceNorm2d-65           [1, 8, 160, 160]               0
             ReLU-66           [1, 8, 160, 160]               0
        Dropout2d-67           [1, 8, 160, 160]               0
           Conv2d-68           [1, 8, 160, 160]              72
   InstanceNorm2d-69           [1, 8, 160, 160]               0
             ReLU-70           [1, 8, 160, 160]               0
        Dropout2d-71           [1, 8, 160, 160]               0
        ConvBlock-72           [1, 8, 160, 160]               0
           Conv2d-73           [1, 8, 320, 320]             136
   InstanceNorm2d-74           [1, 8, 320, 320]               0
             ReLU-75           [1, 8, 320, 320]               0
        Dropout2d-76           [1, 8, 320, 320]               0
           Conv2d-77           [1, 8, 320, 320]              72
   InstanceNorm2d-78           [1, 8, 320, 320]               0
             ReLU-79           [1, 8, 320, 320]               0
        Dropout2d-80           [1, 8, 320, 320]               0
        ConvBlock-81           [1, 8, 320, 320]               0
           Conv2d-82           [1, 4, 320, 320]              36
           Conv2d-83           [1, 1, 320, 320]               5
           Conv2d-84           [1, 1, 320, 320]               2
================================================================
Total params: 23,779
Trainable params: 23,779
Non-trainable params: 0
----------------------------------------------------------------
Input size (MB): 0.39
Forward/backward pass size (MB): 192.77
Params size (MB): 0.09
Estimated Total Size (MB): 193.25
----------------------------------------------------------------
Training on 1714
Validating on 420
Epoch: 1/30
 Train Loss: 0.06134289812157798 | Validation Loss: 0.05764434460565785
Train Time: 44.05292135803029 | Validation Time: 10.80541739682667
Epoch: 2/30
 Train Loss: 0.05814097767557461 | Validation Loss: 0.05525362540427239
Train Time: 42.78020858601667 | Validation Time: 10.914629094069824
Epoch: 3/30
 Train Loss: 0.05785431386166332 | Validation Loss: 0.054186955407781436
Train Time: 43.04690679395571 | Validation Time: 10.88233782001771
Epoch: 4/30
 Train Loss: 0.05697747634428963 | Validation Loss: 0.05254260721288763
Train Time: 43.05484119988978 | Validation Time: 10.872581965988502
Epoch: 5/30
 Train Loss: 0.056993526663211655 | Validation Loss: 0.05243347700525693
Train Time: 42.94516143598594 | Validation Time: 10.927144214045256
Epoch: 6/30
 Train Loss: 0.05439735052132773 | Validation Loss: 0.0521947179036586
Train Time: 43.02414717595093 | Validation Time: 10.894533187849447
Epoch: 7/30
 Train Loss: 0.05358822442499982 | Validation Loss: 0.05018736053609557
Train Time: 43.03703760006465 | Validation Time: 10.888515778118744
Epoch: 8/30
 Train Loss: 0.053602783316188646 | Validation Loss: 0.05075968529829359
Train Time: 43.13008048012853 | Validation Time: 10.900008061900735
Epoch: 9/30
 Train Loss: 0.0531953234764133 | Validation Loss: 0.051147612642547295
Train Time: 43.02677160711028 | Validation Time: 10.896241140784696
Epoch: 10/30
 Train Loss: 0.0552284899762712 | Validation Loss: 0.04904164976674891
Train Time: 43.00818612612784 | Validation Time: 10.89261901192367
Epoch: 11/30
 Train Loss: 0.0527265783106721 | Validation Loss: 0.05165534640205957
Train Time: 43.031866253120825 | Validation Time: 10.906560213072225
Epoch: 12/30
 Train Loss: 0.052045557853932514 | Validation Loss: 0.04924434884463655
Train Time: 42.98737126891501 | Validation Time: 10.880479256855324
Epoch: 13/30
 Train Loss: 0.05229868353404459 | Validation Loss: 0.049134818822207535
Train Time: 43.10362237994559 | Validation Time: 10.88159480318427
Epoch: 14/30
 Train Loss: 0.05487239691625755 | Validation Loss: 0.051092853430674774
Train Time: 43.122785426909104 | Validation Time: 10.88578168512322
Epoch: 15/30
 Train Loss: 0.05151916060601457 | Validation Loss: 0.04932556584433699
Train Time: 43.17812787811272 | Validation Time: 10.933317583054304
Epoch: 16/30
 Train Loss: 0.05165508363426174 | Validation Loss: 0.04865417165959914
Train Time: 42.989639583043754 | Validation Time: 10.921491947956383
Epoch: 17/30
 Train Loss: 0.05062974347791089 | Validation Loss: 0.04945369097511204
Train Time: 43.03861991292797 | Validation Time: 10.9125230491627
Epoch: 18/30
 Train Loss: 0.04875388584430823 | Validation Loss: 0.048990394800585355
Train Time: 43.02841812791303 | Validation Time: 10.873917205957696
Epoch: 19/30
 Train Loss: 0.05391822879098726 | Validation Loss: 0.04761496230852863
Train Time: 43.084575477056205 | Validation Time: 10.839314654003829
Epoch: 20/30
 Train Loss: 0.050126406466091816 | Validation Loss: 0.048243700825022724
Train Time: 43.02298288908787 | Validation Time: 10.889988146023825
Epoch: 21/30
 Train Loss: 0.05037043421513021 | Validation Loss: 0.04710351410516286
Train Time: 43.02606407995336 | Validation Time: 10.886419011978433
Epoch: 22/30
 Train Loss: 0.05042380320972557 | Validation Loss: 0.048087654857435914
Train Time: 43.034612882183865 | Validation Time: 10.870413569966331
Epoch: 23/30
 Train Loss: 0.04999838082867004 | Validation Loss: 0.04945053976733817
Train Time: 43.099549354054034 | Validation Time: 10.916709354147315
Epoch: 24/30
 Train Loss: 0.04894095878418916 | Validation Loss: 0.048920059149249975
Train Time: 43.047320971032605 | Validation Time: 10.907873358111829
Epoch: 25/30
 Train Loss: 0.05143775442000741 | Validation Loss: 0.04671867865654163
Train Time: 43.05296221910976 | Validation Time: 10.905516725033522
Epoch: 26/30
 Train Loss: 0.05014473639310381 | Validation Loss: 0.0470841526177931
Train Time: 43.034169170074165 | Validation Time: 10.892932674847543
Epoch: 27/30
 Train Loss: 0.048914753777397534 | Validation Loss: 0.050009924126904734
Train Time: 43.00767276296392 | Validation Time: 10.8530498938635
Epoch: 28/30
 Train Loss: 0.04964926062348783 | Validation Loss: 0.04837530196754651
Train Time: 43.07074122596532 | Validation Time: 10.898394824005663
Epoch: 29/30
 Train Loss: 0.05043619558418766 | Validation Loss: 0.047316536641953164
Train Time: 43.101622929098085 | Validation Time: 10.921605383045971
Epoch: 30/30
 Train Loss: 0.04979065039452314 | Validation Loss: 0.04985850283718776
Train Time: 43.006085032830015 | Validation Time: 10.896522409981117
torch.Size([320, 320])
torch.Size([320, 320])
torch.Size([320, 320])
Average SSIM: 0.37895040454482465
