----------------------------------------------------------------
        Layer (type)               Output Shape         Param #
================================================================
            Conv2d-1           [1, 8, 320, 320]              16
    InstanceNorm2d-2           [1, 8, 320, 320]               0
              ReLU-3           [1, 8, 320, 320]               0
         Dropout2d-4           [1, 8, 320, 320]               0
            Conv2d-5           [1, 8, 320, 320]              72
    InstanceNorm2d-6           [1, 8, 320, 320]               0
              ReLU-7           [1, 8, 320, 320]               0
         Dropout2d-8           [1, 8, 320, 320]               0
         ConvBlock-9           [1, 8, 320, 320]               0
           Conv2d-10          [1, 16, 160, 160]             144
   InstanceNorm2d-11          [1, 16, 160, 160]               0
             ReLU-12          [1, 16, 160, 160]               0
        Dropout2d-13          [1, 16, 160, 160]               0
           Conv2d-14          [1, 16, 160, 160]             272
   InstanceNorm2d-15          [1, 16, 160, 160]               0
             ReLU-16          [1, 16, 160, 160]               0
        Dropout2d-17          [1, 16, 160, 160]               0
        ConvBlock-18          [1, 16, 160, 160]               0
           Conv2d-19            [1, 32, 80, 80]             544
   InstanceNorm2d-20            [1, 32, 80, 80]               0
             ReLU-21            [1, 32, 80, 80]               0
        Dropout2d-22            [1, 32, 80, 80]               0
           Conv2d-23            [1, 32, 80, 80]           1,056
   InstanceNorm2d-24            [1, 32, 80, 80]               0
             ReLU-25            [1, 32, 80, 80]               0
        Dropout2d-26            [1, 32, 80, 80]               0
        ConvBlock-27            [1, 32, 80, 80]               0
           Conv2d-28            [1, 64, 40, 40]           2,112
   InstanceNorm2d-29            [1, 64, 40, 40]               0
             ReLU-30            [1, 64, 40, 40]               0
        Dropout2d-31            [1, 64, 40, 40]               0
           Conv2d-32            [1, 64, 40, 40]           4,160
   InstanceNorm2d-33            [1, 64, 40, 40]               0
             ReLU-34            [1, 64, 40, 40]               0
        Dropout2d-35            [1, 64, 40, 40]               0
        ConvBlock-36            [1, 64, 40, 40]               0
           Conv2d-37            [1, 64, 20, 20]           4,160
   InstanceNorm2d-38            [1, 64, 20, 20]               0
             ReLU-39            [1, 64, 20, 20]               0
        Dropout2d-40            [1, 64, 20, 20]               0
           Conv2d-41            [1, 64, 20, 20]           4,160
   InstanceNorm2d-42            [1, 64, 20, 20]               0
             ReLU-43            [1, 64, 20, 20]               0
        Dropout2d-44            [1, 64, 20, 20]               0
        ConvBlock-45            [1, 64, 20, 20]               0
           Conv2d-46            [1, 32, 40, 40]           4,128
   InstanceNorm2d-47            [1, 32, 40, 40]               0
             ReLU-48            [1, 32, 40, 40]               0
        Dropout2d-49            [1, 32, 40, 40]               0
           Conv2d-50            [1, 32, 40, 40]           1,056
   InstanceNorm2d-51            [1, 32, 40, 40]               0
             ReLU-52            [1, 32, 40, 40]               0
        Dropout2d-53            [1, 32, 40, 40]               0
        ConvBlock-54            [1, 32, 40, 40]               0
           Conv2d-55            [1, 16, 80, 80]           1,040
   InstanceNorm2d-56            [1, 16, 80, 80]               0
             ReLU-57            [1, 16, 80, 80]               0
        Dropout2d-58            [1, 16, 80, 80]               0
           Conv2d-59            [1, 16, 80, 80]             272
   InstanceNorm2d-60            [1, 16, 80, 80]               0
             ReLU-61            [1, 16, 80, 80]               0
        Dropout2d-62            [1, 16, 80, 80]               0
        ConvBlock-63            [1, 16, 80, 80]               0
           Conv2d-64           [1, 8, 160, 160]             264
   InstanceNorm2d-65           [1, 8, 160, 160]               0
             ReLU-66           [1, 8, 160, 160]               0
        Dropout2d-67           [1, 8, 160, 160]               0
           Conv2d-68           [1, 8, 160, 160]              72
   InstanceNorm2d-69           [1, 8, 160, 160]               0
             ReLU-70           [1, 8, 160, 160]               0
        Dropout2d-71           [1, 8, 160, 160]               0
        ConvBlock-72           [1, 8, 160, 160]               0
           Conv2d-73           [1, 8, 320, 320]             136
   InstanceNorm2d-74           [1, 8, 320, 320]               0
             ReLU-75           [1, 8, 320, 320]               0
        Dropout2d-76           [1, 8, 320, 320]               0
           Conv2d-77           [1, 8, 320, 320]              72
   InstanceNorm2d-78           [1, 8, 320, 320]               0
             ReLU-79           [1, 8, 320, 320]               0
        Dropout2d-80           [1, 8, 320, 320]               0
        ConvBlock-81           [1, 8, 320, 320]               0
           Conv2d-82           [1, 4, 320, 320]              36
           Conv2d-83           [1, 1, 320, 320]               5
           Conv2d-84           [1, 1, 320, 320]               2
================================================================
Total params: 23,779
Trainable params: 23,779
Non-trainable params: 0
----------------------------------------------------------------
Input size (MB): 0.39
Forward/backward pass size (MB): 192.77
Params size (MB): 0.09
Estimated Total Size (MB): 193.25
----------------------------------------------------------------
Training on 1714
Validating on 420
Epoch: 1/30
 Train Loss: 0.0923603036906399 | Validation Loss: 0.08638310860999941
Train Time: 42.3111905627884 | Validation Time: 10.697013497818261
Epoch: 2/30
 Train Loss: 0.07886139767882878 | Validation Loss: 0.08610183756837889
Train Time: 42.34428157284856 | Validation Time: 10.735825420124456
Epoch: 3/30
 Train Loss: 0.07638225253392396 | Validation Loss: 0.07745811074732066
Train Time: 42.51083581894636 | Validation Time: 10.775561336893588
Epoch: 4/30
 Train Loss: 0.0811080895258244 | Validation Loss: 0.07928766466205213
Train Time: 42.4741187421605 | Validation Time: 10.759128708159551
Epoch: 5/30
 Train Loss: 0.0748620760765906 | Validation Loss: 0.0787738141598589
Train Time: 42.495883426163346 | Validation Time: 10.762069376884028
Epoch: 6/30
 Train Loss: 0.071739550634645 | Validation Loss: 0.07637359524734201
Train Time: 42.39305426715873 | Validation Time: 10.757089168066159
Epoch: 7/30
 Train Loss: 0.07568441190650775 | Validation Loss: 0.07348467477621345
Train Time: 42.49755409709178 | Validation Time: 10.761195136001334
Epoch: 8/30
 Train Loss: 0.07498351782568852 | Validation Loss: 0.07353004150040446
Train Time: 42.47714397893287 | Validation Time: 10.779635162092745
Epoch: 9/30
 Train Loss: 0.0733043864212779 | Validation Loss: 0.07588885919160356
Train Time: 42.48202161886729 | Validation Time: 10.774689296027645
Epoch: 10/30
 Train Loss: 0.07391948483186758 | Validation Loss: 0.07397410479467123
Train Time: 42.55058756703511 | Validation Time: 10.733196281827986
Epoch: 11/30
 Train Loss: 0.0747366432772775 | Validation Loss: 0.071258446393743
Train Time: 42.46774175320752 | Validation Time: 10.806588252075016
Epoch: 12/30
 Train Loss: 0.07173225159656696 | Validation Loss: 0.07167158376184088
Train Time: 42.52393674803898 | Validation Time: 10.74812560598366
Epoch: 13/30
 Train Loss: 0.0748026160414058 | Validation Loss: 0.0731268346171688
Train Time: 42.52377436798997 | Validation Time: 10.748161921976134
Epoch: 14/30
 Train Loss: 0.07135937139595348 | Validation Loss: 0.07117439886318572
Train Time: 42.486465845955536 | Validation Time: 10.711315179942176
Epoch: 15/30
 Train Loss: 0.07131969413064784 | Validation Loss: 0.0700982903744848
Train Time: 42.48801131406799 | Validation Time: 10.76996420812793
Epoch: 16/30
 Train Loss: 0.07198142548947965 | Validation Loss: 0.07150346074589198
Train Time: 42.48189614387229 | Validation Time: 10.7818225431256
Epoch: 17/30
 Train Loss: 0.07077697097650035 | Validation Loss: 0.07262583117316562
Train Time: 42.48598391795531 | Validation Time: 10.734935293905437
Epoch: 18/30
 Train Loss: 0.07336749252957228 | Validation Loss: 0.06938355869642884
Train Time: 42.54472521110438 | Validation Time: 10.723719262052327
Epoch: 19/30
 Train Loss: 0.07484856118285306 | Validation Loss: 0.0720686823949138
Train Time: 42.459523836150765 | Validation Time: 10.762273400090635
Epoch: 20/30
 Train Loss: 0.0711326067702642 | Validation Loss: 0.06888189465570005
Train Time: 42.42162078781985 | Validation Time: 10.756905301939696
Epoch: 21/30
 Train Loss: 0.07220432218127468 | Validation Loss: 0.06940929000481598
Train Time: 42.50935531104915 | Validation Time: 10.772059969138354
Epoch: 22/30
 Train Loss: 0.06936230576329082 | Validation Loss: 0.07232519740728499
Train Time: 42.43079241598025 | Validation Time: 10.765063142869622
Epoch: 23/30
 Train Loss: 0.0699647432801429 | Validation Loss: 0.06893385364665755
Train Time: 42.42316697188653 | Validation Time: 10.7607700699009
Epoch: 24/30
 Train Loss: 0.06906528357252431 | Validation Loss: 0.06922518685503262
Train Time: 42.518212945898995 | Validation Time: 10.726093507139012
Epoch: 25/30
 Train Loss: 0.07109631469434805 | Validation Loss: 0.07001628897739325
Train Time: 42.46009988896549 | Validation Time: 10.768428666051477
Epoch: 26/30
 Train Loss: 0.07379402649136765 | Validation Loss: 0.07040168929282245
Train Time: 42.476369448937476 | Validation Time: 10.748251639073715
Epoch: 27/30
 Train Loss: 0.07365041292036739 | Validation Loss: 0.06857858098864629
Train Time: 42.53321812697686 | Validation Time: 10.769866511924192
Epoch: 28/30
 Train Loss: 0.07176910322697218 | Validation Loss: 0.07152009235798093
Train Time: 42.502044273074716 | Validation Time: 10.792690227972344
Epoch: 29/30
 Train Loss: 0.0716357613182102 | Validation Loss: 0.06962002336518325
Train Time: 42.59099759301171 | Validation Time: 10.91607880499214
Epoch: 30/30
 Train Loss: 0.06991365104173686 | Validation Loss: 0.06980626334753365
Train Time: 42.58945329813287 | Validation Time: 10.726563062984496
torch.Size([320, 320])
torch.Size([320, 320])
torch.Size([320, 320])
Average SSIM: 0.3115745558549946
