----------------------------------------------------------------
        Layer (type)               Output Shape         Param #
================================================================
            Conv2d-1           [1, 8, 320, 320]              16
    InstanceNorm2d-2           [1, 8, 320, 320]               0
              ReLU-3           [1, 8, 320, 320]               0
         Dropout2d-4           [1, 8, 320, 320]               0
            Conv2d-5           [1, 8, 320, 320]              72
    InstanceNorm2d-6           [1, 8, 320, 320]               0
              ReLU-7           [1, 8, 320, 320]               0
         Dropout2d-8           [1, 8, 320, 320]               0
         ConvBlock-9           [1, 8, 320, 320]               0
           Conv2d-10          [1, 16, 160, 160]             144
   InstanceNorm2d-11          [1, 16, 160, 160]               0
             ReLU-12          [1, 16, 160, 160]               0
        Dropout2d-13          [1, 16, 160, 160]               0
           Conv2d-14          [1, 16, 160, 160]             272
   InstanceNorm2d-15          [1, 16, 160, 160]               0
             ReLU-16          [1, 16, 160, 160]               0
        Dropout2d-17          [1, 16, 160, 160]               0
        ConvBlock-18          [1, 16, 160, 160]               0
           Conv2d-19            [1, 32, 80, 80]             544
   InstanceNorm2d-20            [1, 32, 80, 80]               0
             ReLU-21            [1, 32, 80, 80]               0
        Dropout2d-22            [1, 32, 80, 80]               0
           Conv2d-23            [1, 32, 80, 80]           1,056
   InstanceNorm2d-24            [1, 32, 80, 80]               0
             ReLU-25            [1, 32, 80, 80]               0
        Dropout2d-26            [1, 32, 80, 80]               0
        ConvBlock-27            [1, 32, 80, 80]               0
           Conv2d-28            [1, 64, 40, 40]           2,112
   InstanceNorm2d-29            [1, 64, 40, 40]               0
             ReLU-30            [1, 64, 40, 40]               0
        Dropout2d-31            [1, 64, 40, 40]               0
           Conv2d-32            [1, 64, 40, 40]           4,160
   InstanceNorm2d-33            [1, 64, 40, 40]               0
             ReLU-34            [1, 64, 40, 40]               0
        Dropout2d-35            [1, 64, 40, 40]               0
        ConvBlock-36            [1, 64, 40, 40]               0
           Conv2d-37            [1, 64, 20, 20]           4,160
   InstanceNorm2d-38            [1, 64, 20, 20]               0
             ReLU-39            [1, 64, 20, 20]               0
        Dropout2d-40            [1, 64, 20, 20]               0
           Conv2d-41            [1, 64, 20, 20]           4,160
   InstanceNorm2d-42            [1, 64, 20, 20]               0
             ReLU-43            [1, 64, 20, 20]               0
        Dropout2d-44            [1, 64, 20, 20]               0
        ConvBlock-45            [1, 64, 20, 20]               0
           Conv2d-46            [1, 32, 40, 40]           4,128
   InstanceNorm2d-47            [1, 32, 40, 40]               0
             ReLU-48            [1, 32, 40, 40]               0
        Dropout2d-49            [1, 32, 40, 40]               0
           Conv2d-50            [1, 32, 40, 40]           1,056
   InstanceNorm2d-51            [1, 32, 40, 40]               0
             ReLU-52            [1, 32, 40, 40]               0
        Dropout2d-53            [1, 32, 40, 40]               0
        ConvBlock-54            [1, 32, 40, 40]               0
           Conv2d-55            [1, 16, 80, 80]           1,040
   InstanceNorm2d-56            [1, 16, 80, 80]               0
             ReLU-57            [1, 16, 80, 80]               0
        Dropout2d-58            [1, 16, 80, 80]               0
           Conv2d-59            [1, 16, 80, 80]             272
   InstanceNorm2d-60            [1, 16, 80, 80]               0
             ReLU-61            [1, 16, 80, 80]               0
        Dropout2d-62            [1, 16, 80, 80]               0
        ConvBlock-63            [1, 16, 80, 80]               0
           Conv2d-64           [1, 8, 160, 160]             264
   InstanceNorm2d-65           [1, 8, 160, 160]               0
             ReLU-66           [1, 8, 160, 160]               0
        Dropout2d-67           [1, 8, 160, 160]               0
           Conv2d-68           [1, 8, 160, 160]              72
   InstanceNorm2d-69           [1, 8, 160, 160]               0
             ReLU-70           [1, 8, 160, 160]               0
        Dropout2d-71           [1, 8, 160, 160]               0
        ConvBlock-72           [1, 8, 160, 160]               0
           Conv2d-73           [1, 8, 320, 320]             136
   InstanceNorm2d-74           [1, 8, 320, 320]               0
             ReLU-75           [1, 8, 320, 320]               0
        Dropout2d-76           [1, 8, 320, 320]               0
           Conv2d-77           [1, 8, 320, 320]              72
   InstanceNorm2d-78           [1, 8, 320, 320]               0
             ReLU-79           [1, 8, 320, 320]               0
        Dropout2d-80           [1, 8, 320, 320]               0
        ConvBlock-81           [1, 8, 320, 320]               0
           Conv2d-82           [1, 4, 320, 320]              36
           Conv2d-83           [1, 1, 320, 320]               5
           Conv2d-84           [1, 1, 320, 320]               2
================================================================
Total params: 23,779
Trainable params: 23,779
Non-trainable params: 0
----------------------------------------------------------------
Input size (MB): 0.39
Forward/backward pass size (MB): 192.77
Params size (MB): 0.09
Estimated Total Size (MB): 193.25
----------------------------------------------------------------
Training on 1714
Validating on 420
Epoch: 1/50
 Train Loss: 0.1337118591192737 | Validation Loss: 0.1310835350244276
Train Time: 42.801925116997154 | Validation Time: 10.837864143999468
Epoch: 2/50
 Train Loss: 0.12691812182005996 | Validation Loss: 0.11948578363013465
Train Time: 43.0556142159985 | Validation Time: 10.864580615001614
Epoch: 3/50
 Train Loss: 0.11819982856582548 | Validation Loss: 0.12490918850429297
Train Time: 43.330180199001916 | Validation Time: 10.921025029998418
Epoch: 4/50
 Train Loss: 0.12003109554477169 | Validation Loss: 0.12760117654076197
Train Time: 43.2835755590022 | Validation Time: 10.91993514600108
Epoch: 5/50
 Train Loss: 0.12093660589976771 | Validation Loss: 0.12284876855839878
Train Time: 43.35808458500105 | Validation Time: 10.936536646000604
Epoch: 6/50
 Train Loss: 0.11940757577286552 | Validation Loss: 0.11556109730396669
Train Time: 43.474832677999075 | Validation Time: 10.979061163001461
Epoch: 7/50
 Train Loss: 0.11855291248391482 | Validation Loss: 0.12429517010138291
Train Time: 43.57651928300038 | Validation Time: 11.087388521998946
Epoch: 8/50
 Train Loss: 0.11922862641541969 | Validation Loss: 0.12409280425986126
Train Time: 43.638366840001254 | Validation Time: 11.025889618002111
Epoch: 9/50
 Train Loss: 0.11540943430037186 | Validation Loss: 0.11519136718606486
Train Time: 69.51688283600015 | Validation Time: 18.175579912000103
Epoch: 10/50
 Train Loss: 0.11192690737948369 | Validation Loss: 0.11217010689325775
Train Time: 74.96461679999993 | Validation Time: 18.843021133001457
Epoch: 11/50
 Train Loss: 0.11469304764011602 | Validation Loss: 0.11345519383481435
Train Time: 65.95618470499903 | Validation Time: 11.113866186999076
Epoch: 12/50
 Train Loss: 0.11015920672306752 | Validation Loss: 0.11378672701784175
Train Time: 73.1520718669999 | Validation Time: 19.541764413999772
Epoch: 13/50
 Train Loss: 0.11632166387046874 | Validation Loss: 0.12222758528530689
Train Time: 78.065345944 | Validation Time: 19.27360516999761
Epoch: 14/50
 Train Loss: 0.11618866047031798 | Validation Loss: 0.11924080418655081
Train Time: 59.17853416100115 | Validation Time: 11.09737805199984
Epoch: 15/50
 Train Loss: 0.11671553789367917 | Validation Loss: 0.10876153484495808
Train Time: 48.97171606499978 | Validation Time: 19.2087504930023
Epoch: 16/50
 Train Loss: 0.11489015849069426 | Validation Loss: 0.1160677231673232
Train Time: 77.67159333499876 | Validation Time: 19.224487210998632
Epoch: 17/50
 Train Loss: 0.12536096828909285 | Validation Loss: 0.11204363891498036
Train Time: 77.66721085599784 | Validation Time: 19.574521664999338
Epoch: 18/50
 Train Loss: 0.11726411118106224 | Validation Loss: 0.11564583992732508
Train Time: 56.75143739499981 | Validation Time: 19.246094831996743
Epoch: 19/50
 Train Loss: 0.11022143724458112 | Validation Loss: 0.1092953556590461
Train Time: 71.26202512800228 | Validation Time: 11.175962702000106
Epoch: 20/50
 Train Loss: 0.10993298729698006 | Validation Loss: 0.1160095466335529
Train Time: 70.14837688400075 | Validation Time: 19.101805588001298
Epoch: 21/50
 Train Loss: 0.11811216142254409 | Validation Loss: 0.10840701314465677
Train Time: 76.07872680400033 | Validation Time: 19.3347879920002
Epoch: 22/50
 Train Loss: 0.11031558555794746 | Validation Loss: 0.12071953690033613
Train Time: 76.72579534499891 | Validation Time: 18.978109043997392
Epoch: 23/50
 Train Loss: 0.1106100472805627 | Validation Loss: 0.11934214020193872
Train Time: 77.45635154400225 | Validation Time: 19.748085494997213
Epoch: 24/50
 Train Loss: 0.11286798882586165 | Validation Loss: 0.1168455147942015
Train Time: 66.99743507099993 | Validation Time: 19.410796003998257
Epoch: 25/50
 Train Loss: 0.11701042715380573 | Validation Loss: 0.11291588178402473
Train Time: 76.6612634789999 | Validation Time: 19.02226542399876
Epoch: 26/50
 Train Loss: 0.06125118623911286 | Validation Loss: 0.05979875166720372
Train Time: 76.05052897599671 | Validation Time: 19.023800756000128
Epoch: 27/50
 Train Loss: 0.061134891233754804 | Validation Loss: 0.056143593084598625
Train Time: 75.91175209499852 | Validation Time: 18.98288959599813
Epoch: 28/50
 Train Loss: 0.06120008004296101 | Validation Loss: 0.05721874708847456
Train Time: 45.21018190399991 | Validation Time: 16.727390741001727
Epoch: 29/50
 Train Loss: 0.06215803444425846 | Validation Loss: 0.057069078700344
Train Time: 76.01993295200009 | Validation Time: 14.740962596999452
Epoch: 30/50
 Train Loss: 0.058045277614730835 | Validation Loss: 0.057444289221866736
Train Time: 44.31517684600112 | Validation Time: 11.288050299001043
Epoch: 31/50
 Train Loss: 0.06090159771646944 | Validation Loss: 0.061248521279683166
Train Time: 64.29428223700234 | Validation Time: 20.858617788002448
Epoch: 32/50
 Train Loss: 0.059869250751129754 | Validation Loss: 0.05643178335720647
Train Time: 75.75239588100158 | Validation Time: 11.135475204999238
Epoch: 33/50
 Train Loss: 0.05840590574647582 | Validation Loss: 0.05774919321615445
Train Time: 60.66739045099894 | Validation Time: 16.31165740999859
Epoch: 34/50
 Train Loss: 0.059386263283924136 | Validation Loss: 0.05700928698757571
Train Time: 59.00731247099975 | Validation Time: 17.838399216001562
Epoch: 35/50
 Train Loss: 0.059589636949983836 | Validation Loss: 0.058145496561565514
Train Time: 55.5667435510004 | Validation Time: 11.117484684000374
Epoch: 36/50
 Train Loss: 0.059720260201477554 | Validation Loss: 0.05854175643456184
Train Time: 44.070013165001 | Validation Time: 11.211152986998059
Epoch: 37/50
 Train Loss: 0.06050670569673956 | Validation Loss: 0.0569341128038064
Train Time: 49.047749118002685 | Validation Time: 17.52794310600075
Epoch: 38/50
 Train Loss: 0.05682482520720206 | Validation Loss: 0.05591532005673272
Train Time: 59.31359359400085 | Validation Time: 11.19088992899924
Epoch: 39/50
 Train Loss: 0.061643057003394064 | Validation Loss: 0.058307897407290074
Train Time: 44.904837640999176 | Validation Time: 11.16353188499852
Epoch: 40/50
 Train Loss: 0.058668398453405574 | Validation Loss: 0.05683682245468712
Train Time: 44.287671901001886 | Validation Time: 16.589445859997795
Epoch: 41/50
 Train Loss: 0.05978985708836774 | Validation Loss: 0.055757627692441546
Train Time: 66.81258049700045 | Validation Time: 17.745668683000986
Epoch: 42/50
 Train Loss: 0.05730154201968209 | Validation Loss: 0.05401342892470964
Train Time: 71.27635507300147 | Validation Time: 17.804093644001114
Epoch: 43/50
 Train Loss: 0.058550604502494816 | Validation Loss: 0.05836612991001292
Train Time: 63.65338119599983 | Validation Time: 11.062087738002447
Epoch: 44/50
 Train Loss: 0.058405100161254976 | Validation Loss: 0.05681869732702043
Train Time: 44.12199292800142 | Validation Time: 11.103229363001446
Epoch: 45/50
 Train Loss: 0.058072483314259245 | Validation Loss: 0.05655008270444906
Train Time: 44.355767482000374 | Validation Time: 11.145640751998144
Epoch: 46/50
 Train Loss: 0.05820849450728132 | Validation Loss: 0.054813517179131
Train Time: 44.070737747999374 | Validation Time: 11.059817575001944
Epoch: 47/50
 Train Loss: 0.05899254753839818 | Validation Loss: 0.05592031911403928
Train Time: 43.96724071099743 | Validation Time: 11.046523950000847
Epoch: 48/50
 Train Loss: 0.05715896919225459 | Validation Loss: 0.055990439433570995
Train Time: 44.071278864001215 | Validation Time: 11.073611742001958
Epoch: 49/50
 Train Loss: 0.05742985677725116 | Validation Loss: 0.05529548965278476
Train Time: 43.77284658399731 | Validation Time: 11.117364161997102
Epoch: 50/50
 Train Loss: 0.05806101116187021 | Validation Loss: 0.05487046599500944
Train Time: 43.99973096199756 | Validation Time: 11.179531114001293
torch.Size([320, 320])
torch.Size([320, 320])
torch.Size([320, 320])
Average SSIM: 0.4633132937822887
30
